Rebuild target 'Target 1'
compiling main.c...
assembling STARTUP.A51...
compiling AD.c...
compiling UART0.c...
compiling FlaKey.c...
compiling GainAdKeyValue.c...
compiling PowerKey.c...
compiling SysKey.c...
compiling TempKye.c...
compiling TimerKey.c...
compiling Ir.c...
compiling SysTimer.c...
compiling Disp.c...
compiling TM1638.C...
compiling SysInit.c...
compiling ADC.c...
compiling HeatCon.c...
compiling LedAutoCon.c...
compiling ErrTest.c...
linking...
Program Size: data=130.7 xdata=0 code=5331
creating hex file from ".\Objects\1"...
".\Objects\1" - 0 Error(s), 0 Warning(s).
